Using context eos
---------------------------------------------------
Parsing class_list:
Namespace: o2scl class: eos_base
Namespace: o2scl class: eos_crust
Namespace: o2scl class: eos_crust_virial
Namespace: o2scl class: eos_cs2_const
Namespace: o2scl class: eos_cs2_poly
Namespace: o2scl class: eos_had_apr
Namespace: o2scl class: eos_had_base
Namespace: o2scl class: eos_had_ddc
Namespace: o2scl class: eos_had_eden_base
Namespace: o2scl class: eos_had_gogny
Namespace: o2scl class: eos_had_hlps
Namespace: o2scl class: eos_had_potential
Namespace: o2scl class: eos_had_pres_base
Namespace: o2scl class: eos_had_rmf
Namespace: o2scl class: eos_had_rmf_delta
Namespace: o2scl class: eos_had_rmf_hyp
Namespace: o2scl class: eos_had_schematic
Namespace: o2scl class: eos_had_skyrme
Namespace: o2scl class: eos_had_sym4
Namespace: o2scl class: eos_had_sym4_apr
Namespace: o2scl class: eos_had_sym4_base
Namespace: o2scl class: eos_had_sym4_mdi
Namespace: o2scl class: eos_had_sym4_rmf
Namespace: o2scl class: eos_had_sym4_skyrme
Namespace: o2scl class: eos_had_tabulated
Namespace: o2scl class: eos_had_temp_base
Namespace: o2scl class: eos_had_temp_eden_base
Namespace: o2scl class: eos_had_temp_pres_base
Namespace: o2scl class: eos_nse
Namespace: o2scl class: eos_nse_full
Namespace: o2scl class: eos_nstar_rot
Namespace: o2scl class: eos_nstar_rot_C
Namespace: o2scl class: eos_nstar_rot_interp
Namespace: o2scl class: eos_nstar_rot_L
Namespace: o2scl class: eos_quark
Namespace: o2scl class: eos_quark_bag
Namespace: o2scl class: eos_quark_cfl
Namespace: o2scl class: eos_quark_cfl6
Namespace: o2scl class: eos_quark_njl
Namespace: o2scl class: eos_sn_base
Namespace: o2scl class: eos_sn_hfsl
Namespace: o2scl class: eos_sn_ls
Namespace: o2scl class: eos_sn_oo
Namespace: o2scl class: eos_sn_sht
Namespace: o2scl class: eos_sn_stos
Namespace: o2scl class: eos_tov
Namespace: o2scl class: eos_tov_buchdahl
Namespace: o2scl class: eos_tov_interp
Namespace: o2scl class: eos_tov_linear
Namespace: o2scl class: eos_tov_polytrope
Namespace: o2scl class: eos_tov_vectors
Namespace:  class: ex_eos_had_apr
Namespace:  class: ex_eos_had_skyrme
Namespace:  class: ex_skyrme_data
Namespace: o2scl class: nstar_cold
Namespace: o2scl class: nstar_rot
Namespace: o2scl class: nucleus_rmf
Namespace: o2scl class: nucmass_frdm_shell
Namespace: o2scl class: nucmass_ldrop
Namespace: o2scl class: nucmass_ldrop_pair
Namespace: o2scl class: nucmass_ldrop_shell
Namespace: o2scl class: nucmass_ldrop_skin
Namespace: o2scl class: nstar_rot::polytrope_solve
Namespace: o2scl class: eos_sn_base::slice
Namespace: o2scl class: tov_love
Namespace: o2scl class: tov_solve

---------------------------------------------------
Creating rst files for non-duplicate functions:

---------------------------------------------------
Creating rst files for duplicate functions:
