Using context main
---------------------------------------------------
Parsing class_list:

Namespace: o2scl_acol class: acol_manager
Namespace: o2scl class: anneal_base
Namespace: o2scl class: anneal_gsl
Namespace: o2scl class: anneal_mt
Namespace: o2scl class: anneal_para
Namespace: o2scl class: astep_base
Namespace: o2scl class: astep_gsl
Namespace: o2scl class: astep_nonadapt
Namespace: o2scl_auto_format class: auto_format
Namespace: o2scl class: bessel_K_exp_integ_direct
Namespace: o2scl class: bessel_K_exp_integ_gsl
Namespace: o2scl class: bessel_K_exp_integ_tl
Namespace: o2scl class: bose_einstein_integ_tl
Namespace: o2scl class: inte_pcubature::cache
Namespace: o2scl class: calculator
Namespace: o2scl class: cheb_approx_tl
Namespace: o2scl class: chi_fit_funct
Namespace: o2scl class: cli
Namespace: o2scl class: cli_readline
Namespace: o2scl_hdf class: cloud_file
Namespace: o2scl class: table::col
Namespace: o2scl class: columnify
Namespace: o2scl class: comm_option_fptr
Namespace: o2scl class: comm_option_funct
Namespace: o2scl class: comm_option_mfptr
Namespace: o2scl class: const_matrix_column_gen
Namespace: o2scl class: const_matrix_row_gen
Namespace: o2scl class: const_matrix_view
Namespace: o2scl class: const_matrix_view_table
Namespace: o2scl class: const_matrix_view_table_transpose
Namespace: o2scl class: const_vector_range_gen
Namespace: o2scl class: contour
Namespace: o2scl class: contour_line
Namespace: o2scl class: convert_units
Namespace: o2scl class: cubic_complex
Namespace: o2scl class: cubic_complex_std
Namespace: o2scl class: cubic_real
Namespace: o2scl class: cubic_real_coeff
Namespace: o2scl class: cubic_real_coeff_cern
Namespace: o2scl class: cubic_real_coeff_gsl
Namespace: o2scl class: cursesw
Namespace: o2scl class: deriv_base
Namespace: o2scl class: deriv_cern
Namespace: o2scl class: deriv_eqi
Namespace: o2scl class: deriv_gsl
Namespace: o2scl class: diff_evo
Namespace: o2scl class: diff_evo_adapt
Namespace: o2scl class: edge_crossings
Namespace: o2scl class: err_hnd_cpp
Namespace: o2scl class: err_hnd_gsl
Namespace: o2scl class: err_hnd_type
Namespace: o2scl class: inte_hcubature::esterr
Namespace: o2scl class: exc_exception
Namespace: o2scl class: exc_invalid_argument
Namespace: o2scl class: exc_ios_failure
Namespace: o2scl class: exc_logic_error
Namespace: o2scl class: exc_overflow_error
Namespace: o2scl class: exc_range_error
Namespace: o2scl class: exc_runtime_error
Namespace: o2scl class: expval_base
Namespace: o2scl class: expval_matrix
Namespace: o2scl class: expval_scalar
Namespace: o2scl class: expval_vector
Namespace: o2scl class: fermi_dirac_integ_direct
Namespace: o2scl class: fermi_dirac_integ_gsl
Namespace: o2scl class: fermi_dirac_integ_tl
Namespace: o2scl class: find_constants
Namespace: o2scl class: fit_base
Namespace: o2scl class: fit_bayes
Namespace: o2scl class: fit_fix_pars
Namespace: o2scl class: fit_funct_strings
Namespace: o2scl class: fit_linear
Namespace: o2scl class: fit_min
Namespace: o2scl class: fit_nonlin
Namespace: o2scl class: fit_nonlin_b
Namespace: o2scl class: format_float
Namespace: o2scl class: fract
Namespace: o2scl class: funct2_string
Namespace: o2scl class: funct_gsl
Namespace: o2scl class: funct_string
Namespace: o2scl class: gen_fit_funct
Namespace: o2scl class: gen_test_number
Namespace: o2scl class: gradient
Namespace: o2scl class: gradient_gsl
Namespace: o2scl class: gsl_matrix_wrap
Namespace: o2scl class: gsl_tolerance
Namespace: o2scl class: gsl_vector_wrap
Namespace: o2scl_hdf class: hdf_file
Namespace: o2scl class: inte_hcubature::heap
Namespace: o2scl class: hist
Namespace: o2scl class: hist_2d
Namespace: o2scl class: inte_hcubature::hypercube
Namespace: o2scl class: prob_dens_mdim_amr::hypercube
Namespace: o2scl class: index_spec
Namespace: o2scl class: inte
Namespace: o2scl class: inte_adapt_cern
Namespace: o2scl class: inte_cauchy_cern
Namespace: o2scl class: inte_cheb_gsl
Namespace: o2scl class: inte_cubature_base
Namespace: o2scl class: inte_exp_sinh_boost
Namespace: o2scl class: inte_gauss56_cern
Namespace: o2scl class: inte_gauss56_coeffs_cpp_dec_float_50
Namespace: o2scl class: inte_gauss56_coeffs_double
Namespace: o2scl class: inte_gauss56_coeffs_long_double
Namespace: o2scl class: inte_gauss_cern
Namespace: o2scl class: inte_gauss_coeffs_cpp_dec_float_50
Namespace: o2scl class: inte_gauss_coeffs_double
Namespace: o2scl class: inte_gauss_coeffs_long_double
Namespace: o2scl class: inte_gen
Namespace: o2scl class: inte_gsl
Namespace: o2scl class: inte_hcubature
Namespace: o2scl class: inte_kronrod_boost
Namespace: o2scl class: inte_kronrod_gsl
Namespace: o2scl class: inte_multi
Namespace: o2scl class: inte_pcubature
Namespace: o2scl class: inte_qag_gsl
Namespace: o2scl class: inte_qagi_gsl
Namespace: o2scl class: inte_qagil_gsl
Namespace: o2scl class: inte_qagiu_gsl
Namespace: o2scl class: inte_qags_gsl
Namespace: o2scl class: inte_qawc_gsl
Namespace: o2scl class: inte_qawf_gsl_cos
Namespace: o2scl class: inte_qawf_gsl_sin
Namespace: o2scl class: inte_qawo_gsl_cos
Namespace: o2scl class: inte_qawo_gsl_sin
Namespace: o2scl class: inte_qaws_gsl
Namespace: o2scl class: inte_qng_gsl
Namespace: o2scl class: inte_singular_gsl
Namespace: o2scl class: inte_sinh_sinh_boost
Namespace: o2scl class: inte_tanh_sinh_boost
Namespace: o2scl class: inte_transform
Namespace: o2scl class: inte_transform_gsl
Namespace: o2scl class: inte_workspace_gsl
Namespace: o2scl class: interp
Namespace: o2scl class: interp2_base
Namespace: o2scl class: interp2_direct
Namespace: o2scl class: interp2_eqi
Namespace: o2scl class: interp2_neigh
Namespace: o2scl class: interp2_planar
Namespace: o2scl class: interp2_seq
Namespace: o2scl class: interp_akima
Namespace: o2scl class: interp_akima_peri
Namespace: o2scl class: interp_array
Namespace: o2scl class: interp_array_vec
Namespace: o2scl class: interp_base
Namespace: o2scl class: interp_cspline
Namespace: o2scl class: interp_cspline_peri
Namespace: o2scl class: interp_krige
Namespace: o2scl class: interp_krige_optim
Namespace: o2scl class: interp_linear
Namespace: o2scl class: interp_monotonic
Namespace: o2scl class: interp_nearest_neigh
Namespace: o2scl class: interp_steffen
Namespace: o2scl class: interp_vec
Namespace: o2scl class: interpm_idw
Namespace: o2scl class: interpm_krige
Namespace: o2scl class: interpm_krige_nn
Namespace: o2scl class: interpm_krige_optim
Namespace: o2scl class: jacobian
Namespace: o2scl class: jacobian_exact
Namespace: o2scl class: jacobian_gsl
Namespace: o2scl_linalg class: lanczos
Namespace: o2scl class: lib_settings_class
Namespace: o2scl_linalg class: linear_solver
Namespace: o2scl_linalg class: linear_solver_arma
Namespace: o2scl_linalg class: linear_solver_eigen_colQR
Namespace: o2scl_linalg class: linear_solver_eigen_fullLU
Namespace: o2scl_linalg class: linear_solver_eigen_fullQR
Namespace: o2scl_linalg class: linear_solver_eigen_houseQR
Namespace: o2scl_linalg class: linear_solver_eigen_LDLT
Namespace: o2scl_linalg class: linear_solver_eigen_LLT
Namespace: o2scl_linalg class: linear_solver_eigen_partLU
Namespace: o2scl_linalg class: linear_solver_HH
Namespace: o2scl_linalg class: linear_solver_LU
Namespace: o2scl_linalg class: linear_solver_QR
Namespace:  class: boost::numeric::ublas::matrix
Namespace: o2scl class: matrix_column_gen
Namespace: o2scl class: matrix_row_gen
Namespace: o2scl class: matrix_row_gen_ctor
Namespace: o2scl class: matrix_swap_table
Namespace: o2scl class: matrix_view
Namespace: o2scl class: matrix_view_omit_column
Namespace: o2scl class: matrix_view_omit_row
Namespace: o2scl class: matrix_view_table
Namespace: o2scl class: matrix_view_table_transpose
Namespace: o2scl class: matrix_view_transpose
Namespace: o2scl class: matrix_view_vec_vec
Namespace: o2scl class: mcarlo
Namespace: o2scl class: mcarlo_miser
Namespace: o2scl class: mcarlo_plain
Namespace: o2scl class: mcarlo_vegas
Namespace: o2scl class: mcmc_para_base
Namespace: o2scl class: mcmc_para_cli
Namespace: o2scl class: mcmc_para_table
Namespace: o2scl class: min_base
Namespace: o2scl class: min_bkt_base
Namespace: o2scl class: min_brent_boost
Namespace: o2scl class: min_brent_gsl
Namespace: o2scl class: min_cern
Namespace: o2scl class: min_de_base
Namespace: o2scl class: min_quad_golden
Namespace: o2scl class: mm_funct_strings
Namespace: o2scl class: mmin_base
Namespace: o2scl class: mmin_bfgs2
Namespace: o2scl class: mmin_conf
Namespace: o2scl class: mmin_conp
Namespace: o2scl class: mmin_constr
Namespace: o2scl class: mmin_constr_gencan
Namespace: o2scl class: mmin_constr_pgrad
Namespace: o2scl class: mmin_constr_spg
Namespace: o2scl class: mmin_fix_params
Namespace: o2scl class: mmin_gsl_base
Namespace: o2scl class: mmin_linmin_gsl
Namespace: o2scl class: mmin_simp2
Namespace: o2scl class: mmin_wrap_gsl
Namespace: o2scl class: mmin_wrapper_gsl
Namespace: o2scl class: mroot
Namespace: o2scl class: mroot_broyden
Namespace: o2scl class: mroot_cern
Namespace: o2scl class: mroot_hybrids
Namespace: o2scl class: mroot_hybrids_arma_qr_econ
Namespace: o2scl class: mroot_hybrids_base
Namespace: o2scl class: mroot_hybrids_eigen
Namespace: o2scl class: multi_funct_strings
Namespace: o2scl class: ode_bsimp_gsl
Namespace: o2scl class: ode_bv_mshoot
Namespace: o2scl class: ode_bv_multishoot
Namespace: o2scl class: ode_bv_shoot
Namespace: o2scl class: ode_bv_shoot_grid
Namespace: o2scl class: ode_bv_solve
Namespace: o2scl class: ode_control_gsl
Namespace: o2scl class: ode_funct_strings
Namespace: o2scl class: ode_it_solve
Namespace: o2scl class: ode_iv_solve
Namespace: o2scl class: ode_iv_solve_grid
Namespace: o2scl class: ode_iv_table
Namespace: o2scl class: ode_rk8pd_gsl
Namespace: o2scl class: ode_rkck_gsl
Namespace: o2scl class: ode_rkf45_gsl
Namespace: o2scl class: ode_step
Namespace: o2scl class: permutation
Namespace: o2scl class: pinside
Namespace: o2scl class: poly_complex
Namespace: o2scl class: poly_real_coeff
Namespace: o2scl class: poly_real_coeff_gsl
Namespace: o2scl class: polylog
Namespace: o2scl class: prob_cond_mdim
Namespace: o2scl class: prob_cond_mdim_fixed_step
Namespace: o2scl class: prob_cond_mdim_gaussian
Namespace: o2scl class: prob_cond_mdim_indep
Namespace: o2scl class: prob_dens_frange
Namespace: o2scl class: prob_dens_func
Namespace: o2scl class: prob_dens_gaussian
Namespace: o2scl class: prob_dens_hist
Namespace: o2scl class: prob_dens_lognormal
Namespace: o2scl class: prob_dens_mdim
Namespace: o2scl class: prob_dens_mdim_amr
Namespace: o2scl class: prob_dens_mdim_biv_gaussian
Namespace: o2scl class: prob_dens_mdim_bound_gaussian
Namespace: o2scl class: prob_dens_mdim_factor
Namespace: o2scl class: prob_dens_mdim_gaussian
Namespace: o2scl class: prob_dens_positive
Namespace: o2scl class: prob_dens_uniform
Namespace: o2scl class: quadratic_complex
Namespace: o2scl class: quadratic_complex_std
Namespace: o2scl class: quadratic_real
Namespace: o2scl class: quadratic_real_coeff
Namespace: o2scl class: quadratic_real_coeff_gsl
Namespace: o2scl class: quartic_complex
Namespace: o2scl class: quartic_complex_simple
Namespace: o2scl class: quartic_real
Namespace: o2scl class: quartic_real_coeff
Namespace: o2scl class: quartic_real_coeff_cern
Namespace: o2scl class: quartic_real_gsl
Namespace: o2scl class: quartic_real_gsl2
Namespace: o2scl class: quartic_real_simple
Namespace: o2scl class: inte_hcubature::region
Namespace: o2scl class: rng_gsl
Namespace: o2scl class: rng_gsl_uniform_real
Namespace: o2scl class: root
Namespace: o2scl class: root_bkt
Namespace: o2scl class: root_bkt_cern
Namespace: o2scl class: root_brent_gsl
Namespace: o2scl class: root_cern
Namespace: o2scl class: root_de
Namespace: o2scl class: root_robbins_monro
Namespace: o2scl class: root_stef
Namespace: o2scl class: root_toms748
Namespace: o2scl class: inte_hcubature::rule
Namespace: o2scl class: inte_hcubature::rule75genzmalik
Namespace: o2scl class: search_vec
Namespace: o2scl class: search_vec_ext
Namespace: o2scl class: series_acc
Namespace: o2scl class: slack_messenger
Namespace: o2scl class: smooth_func
Namespace: o2scl class: smooth_gsl
Namespace: o2scl class: table
Namespace: o2scl class: table3d
Namespace: o2scl class: table_units
Namespace: o2scl class: tensor
Namespace: o2scl class: tensor1
Namespace: o2scl class: tensor2
Namespace: o2scl class: tensor3
Namespace: o2scl class: tensor4
Namespace: o2scl class: tensor_grid
Namespace: o2scl class: tensor_grid1
Namespace: o2scl class: tensor_grid2
Namespace: o2scl class: tensor_grid3
Namespace: o2scl class: tensor_grid4
Namespace: o2scl class: terminal
Namespace: o2scl class: test_mgr
Namespace: o2scl class: Token
Namespace: o2scl_linalg class: ubvector_2_mem
Namespace: o2scl_linalg class: ubvector_4_mem
Namespace: o2scl_linalg class: ubvector_5_mem
Namespace: o2scl class: uniform_grid
Namespace: o2scl class: uniform_grid_end
Namespace: o2scl class: uniform_grid_end_width
Namespace: o2scl class: uniform_grid_log_end
Namespace: o2scl class: uniform_grid_log_end_width
Namespace: o2scl class: uniform_grid_log_width
Namespace: o2scl class: uniform_grid_width
Namespace: o2scl class: uniform_prior
Namespace: o2scl class: vec_index
Namespace:  class: boost::numeric::ublas::vector
Namespace: o2scl class: vector_index_vector
Namespace: o2scl class: vector_index_vector_size
Namespace: o2scl class: vector_range_gen

---------------------------------------------------
Creating rst files for classes:
---------------------------------------------------
Parsing function_list:

Namespace:  function: matrix_out
Namespace:  function: matrix_out
Multiple entry matrix_out
Namespace: o2scl function: matrix_trans_out
Namespace: o2scl function: matrix_trans_out
Multiple entry matrix_trans_out
Namespace: o2scl function: array_2d_out
Namespace: o2scl function: array_2d_trans_out
Namespace: o2scl function: set_err_fn
Namespace:  function: error_update
Namespace: o2scl function: vector_level_count
Namespace: o2scl function: vector_deriv_interp
Namespace: o2scl function: vector_deriv2_interp
Namespace: o2scl function: vector_deriv_xy_interp
Namespace: o2scl function: vector_deriv2_xy_interp
Namespace: o2scl function: vector_integ_interp
Namespace: o2scl function: vector_integ_xy_interp
Namespace: o2scl function: vector_integ_xy_interp
Multiple entry vector_integ_xy_interp
Namespace: o2scl function: vector_integ_ul_interp
Namespace: o2scl function: vector_integ_ul_xy_interp
Namespace: o2scl function: vector_find_level
Namespace: o2scl function: vector_invert_enclosed_sum
Namespace: o2scl function: vector_region_int
Namespace: o2scl function: vector_region_fracint
Namespace: o2scl function: vector_bound_fracint
Namespace: o2scl function: vector_bound_int
Namespace:  function: rebin_xy
Namespace:  function: rebin_xy
Multiple entry rebin_xy
Namespace: o2scl function: linear_or_log_chi2
Namespace: o2scl function: linear_or_log
Namespace:  function: vector_refine
Namespace: o2scl function: linear_or_log
Multiple entry linear_or_log
Namespace:  function: o2abs
Namespace:  function: o2abs
Multiple entry o2abs
Namespace:  function: o2abs
Multiple entry o2abs
Namespace:  function: o2abs
Multiple entry o2abs
Namespace:  function: o2abs
Multiple entry o2abs
Namespace:  function: o2abs
Multiple entry o2abs
Namespace:  function: o2exp
Namespace:  function: o2exp
Multiple entry o2exp
Namespace:  function: o2exp
Multiple entry o2exp
Namespace:  function: o2exp
Multiple entry o2exp
Namespace:  function: o2exp
Multiple entry o2exp
Namespace:  function: o2exp
Multiple entry o2exp
Namespace:  function: o2log
Namespace:  function: o2log
Multiple entry o2log
Namespace:  function: o2log
Multiple entry o2log
Namespace:  function: o2log
Multiple entry o2log
Namespace:  function: o2log
Multiple entry o2log
Namespace:  function: o2log
Multiple entry o2log
Namespace:  function: o2sqrt
Namespace:  function: o2sqrt
Multiple entry o2sqrt
Namespace:  function: o2sqrt
Multiple entry o2sqrt
Namespace:  function: o2sqrt
Multiple entry o2sqrt
Namespace:  function: o2sqrt
Multiple entry o2sqrt
Namespace:  function: o2sqrt
Multiple entry o2sqrt
Namespace:  function: o2isfinite
Namespace:  function: o2isfinite
Multiple entry o2isfinite
Namespace:  function: o2isfinite
Multiple entry o2isfinite
Namespace:  function: o2isfinite
Multiple entry o2isfinite
Namespace:  function: o2hypot
Namespace:  function: o2hypot
Multiple entry o2hypot
Namespace:  function: o2hypot
Multiple entry o2hypot
Namespace:  function: o2hypot
Multiple entry o2hypot
Namespace:  function: o2hypot
Multiple entry o2hypot
Namespace:  function: o2hypot
Multiple entry o2hypot
Namespace:  function: fermi_function
Namespace:  function: bose_function
Namespace: o2scl function: pipe_cmd_string
Namespace: o2scl function: python_cmd_string
Namespace: o2scl function: pipe_cmd_string
Multiple entry pipe_cmd_string
Namespace:  function: file_exists
Namespace:  function: count_words
Namespace:  function: remove_whitespace
Namespace: o2scl function: binary_to_hex
Namespace:  function: RGBtoHSV
Namespace:  function: HSVtoRGB
Namespace: o2scl function: quadratic_extremum_x
Namespace: o2scl function: quadratic_extremum_y_full
Namespace: o2scl function: quadratic_extremum_y
Namespace: o2scl function: quadratic_extremum_xy
Namespace: o2scl function: quadratic_extremum_coeffs
Namespace:  function: glob_wrapper
Namespace:  function: wordexp_wrapper
Namespace: o2scl function: wordexp_single_file
Namespace:  function: screenify
Namespace:  function: ptos
Namespace:  function: itos
Namespace:  function: szttos
Namespace:  function: btos
Namespace:  function: dtos
Namespace: o2scl function: size_of_exponent
Namespace:  function: dtos
Multiple entry dtos
Namespace:  function: stoi
Namespace:  function: stoi_nothrow
Namespace:  function: stoszt
Namespace:  function: stoszt_nothrow
Namespace:  function: stob
Namespace:  function: stod
Namespace:  function: stod_nothrow
Namespace: o2scl function: has_minus_sign
Namespace:  function: is_number
Namespace: o2scl function: function_to_double
Namespace:  function: find_constant
Namespace: o2scl function: function_to_double_nothrow
Namespace:  function: split_string
Namespace: o2scl function: split_string_delim
Namespace:  function: rewrap
Namespace: o2scl function: rewrap_ignore_vt100
Namespace:  function: rewrap_color
Namespace: o2scl function: rewrap_keep_endlines
Namespace: o2scl function: string_to_uint_list
Namespace:  function: ix_index
Namespace:  function: ix_fixed
Namespace:  function: ix_sum
Namespace:  function: ix_trace
Namespace:  function: ix_reverse
Namespace:  function: ix_range
Namespace:  function: ix_interp
Namespace:  function: ix_grid
Namespace:  function: ix_gridw
Namespace:  function: tensor_out
Namespace:  function: operator==
Namespace:  function: vectors_equal
Namespace:  function: vectors_equal
Multiple entry vectors_equal
Namespace: o2scl function: vectors_equal_tol
Namespace: o2scl function: vectors_equal_tol
Multiple entry vectors_equal_tol
Namespace:  function: vector_copy
Namespace:  function: vector_copy
Multiple entry vector_copy
Namespace:  function: matrix_copy
Namespace:  function: matrix_copy
Multiple entry matrix_copy
Namespace:  function: matrix_transpose
Namespace:  function: matrix_transpose
Multiple entry matrix_transpose
Namespace:  function: matrix_transpose
Multiple entry matrix_transpose
Namespace:  function: matrix_transpose
Multiple entry matrix_transpose
Namespace: o2scl function: matrix_is_lower
Namespace: o2scl function: matrix_is_upper
Namespace: o2scl function: matrix_make_lower
Namespace: o2scl function: matrix_make_upper
Namespace: o2scl function: matrix_is_lower
Multiple entry matrix_is_lower
Namespace: o2scl function: matrix_is_upper
Multiple entry matrix_is_upper
Namespace: o2scl function: matrix_make_lower
Multiple entry matrix_make_lower
Namespace: o2scl function: matrix_make_upper
Multiple entry matrix_make_upper
Namespace:  function: vector_swap
Namespace:  function: vector_swap
Multiple entry vector_swap
Namespace: o2scl function: vector_swap_double
Namespace: o2scl function: vector_swap_double
Multiple entry vector_swap_double
Namespace:  function: vector_swap
Multiple entry vector_swap
Namespace: o2scl function: vector_swap_double
Multiple entry vector_swap_double
Namespace:  function: matrix_swap
Namespace: o2scl function: matrix_swap_double
Namespace:  function: matrix_swap
Multiple entry matrix_swap
Namespace: o2scl function: matrix_swap_double
Multiple entry matrix_swap_double
Namespace: o2scl function: matrix_swap_cols
Namespace: o2scl function: matrix_swap_cols_double
Namespace: o2scl function: matrix_swap_rows
Namespace: o2scl function: matrix_swap_rows_double
Namespace:  function: sort_downheap
Namespace:  function: vector_sort
Namespace: o2scl function: sort_index_downheap
Namespace: o2scl function: vector_sort_index
Namespace: o2scl function: vector_sort_index
Multiple entry vector_sort_index
Namespace: o2scl function: vector_sort_double
Namespace:  function: vector_smallest
Namespace:  function: vector_smallest
Multiple entry vector_smallest
Namespace: o2scl function: vector_smallest_index
Namespace: o2scl function: vector_smallest_index
Multiple entry vector_smallest_index
Namespace:  function: vector_largest
Namespace:  function: vector_largest
Multiple entry vector_largest
Namespace: o2scl function: vector_max_value
Namespace: o2scl function: vector_max_value
Multiple entry vector_max_value
Namespace: o2scl function: vector_max_index
Namespace:  function: vector_max
Namespace: o2scl function: vector_min_value
Namespace: o2scl function: vector_min_value
Multiple entry vector_min_value
Namespace: o2scl function: vector_min_index
Namespace:  function: vector_min
Namespace: o2scl function: vector_minmax_value
Namespace: o2scl function: vector_minmax_index
Namespace:  function: vector_minmax
Namespace: o2scl function: vector_max_quad
Namespace: o2scl function: vector_max_quad
Multiple entry vector_max_quad
Namespace: o2scl function: vector_max_quad_loc
Namespace: o2scl function: vector_min_quad
Namespace: o2scl function: vector_min_quad
Multiple entry vector_min_quad
Namespace: o2scl function: vector_min_quad_loc
Namespace: o2scl function: matrix_max_value
Namespace: o2scl function: matrix_max_value
Multiple entry matrix_max_value
Namespace: o2scl function: matrix_max_value_double
Namespace: o2scl function: matrix_max_index
Namespace: o2scl function: matrix_max_index
Multiple entry matrix_max_index
Namespace: o2scl function: matrix_min_value
Namespace: o2scl function: matrix_min_value
Multiple entry matrix_min_value
Namespace: o2scl function: matrix_min_value_double
Namespace: o2scl function: matrix_min_index
Namespace: o2scl function: matrix_min_index
Multiple entry matrix_min_index
Namespace:  function: matrix_minmax
Namespace:  function: matrix_minmax
Multiple entry matrix_minmax
Namespace: o2scl function: matrix_minmax_index
Namespace:  function: matrix_sum
Namespace:  function: matrix_sum
Multiple entry matrix_sum
Namespace:  function: vector_lookup
Namespace:  function: vector_lookup
Multiple entry vector_lookup
Namespace:  function: vector_search
Namespace:  function: vector_search
Multiple entry vector_search
Namespace:  function: matrix_lookup
Namespace:  function: matrix_lookup
Multiple entry matrix_lookup
Namespace: o2scl function: vector_bsearch_inc
Namespace: o2scl function: vector_bsearch_dec
Namespace:  function: vector_bsearch
Namespace:  function: vector_bsearch
Multiple entry vector_bsearch
Namespace: o2scl function: vector_is_monotonic
Namespace: o2scl function: vector_is_monotonic
Multiple entry vector_is_monotonic
Namespace: o2scl function: vector_is_strictly_monotonic
Namespace: o2scl function: vector_is_strictly_monotonic
Multiple entry vector_is_strictly_monotonic
Namespace: o2scl function: vector_is_finite
Namespace: o2scl function: vector_is_finite
Multiple entry vector_is_finite
Namespace:  function: vector_sum
Namespace:  function: vector_diffs
Namespace:  function: vector_sum
Multiple entry vector_sum
Namespace: o2scl function: vector_sum_double
Namespace: o2scl function: vector_sum_double
Multiple entry vector_sum_double
Namespace:  function: vector_norm
Namespace:  function: vector_norm
Multiple entry vector_norm
Namespace: o2scl function: vector_norm_double
Namespace: o2scl function: vector_norm_double
Multiple entry vector_norm_double
Namespace: o2scl function: vector_set_all
Namespace: o2scl function: vector_set_all
Multiple entry vector_set_all
Namespace: o2scl function: matrix_set_all
Namespace: o2scl function: matrix_set_all
Multiple entry matrix_set_all
Namespace: o2scl function: vector_copy_jackknife
Namespace: o2scl function: vector_copy_jackknife
Multiple entry vector_copy_jackknife
Namespace:  function: vector_rotate
Namespace:  function: vector_reverse
Namespace:  function: vector_reverse
Multiple entry vector_reverse
Namespace: o2scl function: vector_reverse_double
Namespace: o2scl function: vector_reverse_double
Multiple entry vector_reverse_double
Namespace:  function: matrix_row
Namespace:  function: matrix_column
Namespace:  function: vector_out
Namespace: o2scl function: vector_out_quotes
Namespace:  function: vector_out
Multiple entry vector_out
Namespace: o2scl function: vector_out_quotes
Multiple entry vector_out_quotes
Namespace:  function: vector_grid
Namespace: o2scl function: matrix_set_identity
Namespace: o2scl function: matrix_set_identity
Multiple entry matrix_set_identity
Namespace:  function: vector_range
Namespace: o2scl function: const_vector_range
Namespace:  function: vector_range
Multiple entry vector_range
Namespace: o2scl function: const_vector_range
Multiple entry const_vector_range
Namespace: o2scl function: const_vector_range
Multiple entry const_vector_range
Namespace:  function: vector_range
Multiple entry vector_range
Namespace: o2scl function: const_vector_range
Multiple entry const_vector_range
Namespace: o2scl function: const_vector_range
Multiple entry const_vector_range
Namespace: o2scl function: const_vector_range
Multiple entry const_vector_range
Namespace:  function: vector_range
Multiple entry vector_range
Namespace: o2scl function: const_vector_range
Multiple entry const_vector_range
Namespace: o2scl function: const_vector_range
Multiple entry const_vector_range
Namespace:  function: vector_range
Multiple entry vector_range
Namespace: o2scl function: const_vector_range
Multiple entry const_vector_range
Namespace: o2scl function: const_vector_range
Multiple entry const_vector_range
Namespace: o2scl function: const_vector_range
Multiple entry const_vector_range
Namespace: o2scl function: vector_range_copy
Namespace:  function: matrix_max
Namespace:  function: matrix_min
Namespace:  function: matrix_max
Multiple entry matrix_max
Namespace:  function: matrix_min
Multiple entry matrix_min
Namespace: o2scl function: vector_deriv_threept
Namespace: o2scl function: vector_deriv_threept_tap
Namespace: o2scl function: vector_deriv_fivept
Namespace: o2scl function: vector_deriv_fivept_tap
Namespace: o2scl function: vector_integ_trap
Namespace: o2scl function: vector_integ_threept
Namespace: o2scl function: vector_integ_extended4
Namespace: o2scl function: vector_integ_durand
Namespace: o2scl function: vector_integ_extended8
Namespace: o2scl function: operator<<
Namespace:  function: constraint
Namespace:  function: cont_constraint
Namespace:  function: lower_bound
Namespace: o2scl function: cont_lower_bound
Namespace:  function: vector_mean
Namespace:  function: vector_mean
Multiple entry vector_mean
Namespace: o2scl function: vector_variance_fmean
Namespace: o2scl function: vector_variance_fmean
Multiple entry vector_variance_fmean
Namespace:  function: vector_variance
Namespace:  function: vector_variance
Multiple entry vector_variance
Namespace:  function: vector_variance
Multiple entry vector_variance
Namespace:  function: vector_variance
Multiple entry vector_variance
Namespace: o2scl function: vector_stddev_fmean
Namespace: o2scl function: vector_stddev_fmean
Multiple entry vector_stddev_fmean
Namespace:  function: vector_stddev
Namespace:  function: vector_stddev
Multiple entry vector_stddev
Namespace:  function: vector_stddev
Multiple entry vector_stddev
Namespace:  function: vector_stddev
Multiple entry vector_stddev
Namespace:  function: vector_absdev
Namespace:  function: vector_absdev
Multiple entry vector_absdev
Namespace:  function: vector_absdev
Multiple entry vector_absdev
Namespace:  function: vector_absdev
Multiple entry vector_absdev
Namespace:  function: vector_skew
Namespace:  function: vector_skew
Multiple entry vector_skew
Namespace:  function: vector_skew
Multiple entry vector_skew
Namespace:  function: vector_skew
Multiple entry vector_skew
Namespace:  function: vector_kurtosis
Namespace:  function: vector_kurtosis
Multiple entry vector_kurtosis
Namespace:  function: vector_kurtosis
Multiple entry vector_kurtosis
Namespace:  function: vector_kurtosis
Multiple entry vector_kurtosis
Namespace:  function: vector_covariance
Namespace:  function: vector_covariance
Multiple entry vector_covariance
Namespace:  function: vector_covariance
Multiple entry vector_covariance
Namespace:  function: vector_covariance
Multiple entry vector_covariance
Namespace:  function: vector_correlation
Namespace:  function: vector_correlation
Multiple entry vector_correlation
Namespace:  function: vector_pvariance
Namespace:  function: vector_pvariance
Multiple entry vector_pvariance
Namespace: o2scl function: vector_quantile_sorted
Namespace: o2scl function: vector_quantile_sorted
Multiple entry vector_quantile_sorted
Namespace: o2scl function: vector_median_sorted
Namespace: o2scl function: vector_median_sorted
Multiple entry vector_median_sorted
Namespace: o2scl function: vector_chi_squared
Namespace: o2scl function: vector_chi_squared
Multiple entry vector_chi_squared
Namespace: o2scl function: vector_bin_size_scott
Namespace: o2scl function: vector_bin_size_scott
Multiple entry vector_bin_size_scott
Namespace: o2scl function: vector_sorted_quantile
Namespace: o2scl function: vector_bin_size_freedman
Namespace: o2scl function: vector_bin_size_freedman
Multiple entry vector_bin_size_freedman
Namespace: o2scl function: vector_roll_avg
Namespace: o2scl function: vector_roll_avg
Multiple entry vector_roll_avg
Namespace:  function: wvector_mean
Namespace:  function: wvector_mean
Multiple entry wvector_mean
Namespace:  function: wvector_factor
Namespace:  function: wvector_factor
Multiple entry wvector_factor
Namespace: o2scl function: wvector_variance_fmean
Namespace: o2scl function: wvector_variance_fmean
Multiple entry wvector_variance_fmean
Namespace:  function: wvector_variance
Namespace:  function: wvector_variance
Multiple entry wvector_variance
Namespace:  function: wvector_variance
Multiple entry wvector_variance
Namespace:  function: wvector_variance
Multiple entry wvector_variance
Namespace: o2scl function: wvector_stddev_fmean
Namespace: o2scl function: wvector_stddev_fmean
Multiple entry wvector_stddev_fmean
Namespace:  function: wvector_stddev
Namespace:  function: wvector_stddev
Multiple entry wvector_stddev
Namespace:  function: wvector_stddev
Multiple entry wvector_stddev
Namespace:  function: wvector_stddev
Multiple entry wvector_stddev
Namespace:  function: wvector_covariance
Namespace:  function: wvector_covariance
Multiple entry wvector_covariance
Namespace:  function: wvector_sumsq
Namespace:  function: wvector_sumsq
Multiple entry wvector_sumsq
Namespace:  function: wvector_sumsq
Multiple entry wvector_sumsq
Namespace:  function: wvector_sumsq
Multiple entry wvector_sumsq
Namespace:  function: wvector_absdev
Namespace:  function: wvector_absdev
Multiple entry wvector_absdev
Namespace:  function: wvector_absdev
Multiple entry wvector_absdev
Namespace:  function: wvector_absdev
Multiple entry wvector_absdev
Namespace:  function: wvector_skew
Namespace:  function: wvector_skew
Multiple entry wvector_skew
Namespace:  function: wvector_skew
Multiple entry wvector_skew
Namespace:  function: wvector_skew
Multiple entry wvector_skew
Namespace:  function: wvector_kurtosis
Namespace:  function: wvector_kurtosis
Multiple entry wvector_kurtosis
Namespace:  function: wvector_kurtosis
Multiple entry wvector_kurtosis
Namespace:  function: wvector_kurtosis
Multiple entry wvector_kurtosis
Namespace: o2scl function: vector_lag1_autocorr
Namespace: o2scl function: vector_lag1_autocorr
Multiple entry vector_lag1_autocorr
Namespace: o2scl function: vector_lag1_autocorr
Multiple entry vector_lag1_autocorr
Namespace: o2scl function: vector_lag1_autocorr
Multiple entry vector_lag1_autocorr
Namespace: o2scl function: vector_lagk_autocorr
Namespace: o2scl function: vector_lagk_autocorr
Multiple entry vector_lagk_autocorr
Namespace: o2scl function: vector_lagk_autocorr
Multiple entry vector_lagk_autocorr
Namespace: o2scl function: vector_lagk_autocorr
Multiple entry vector_lagk_autocorr
Namespace: o2scl function: vector_autocorr_vector
Namespace: o2scl function: vector_autocorr_tau
Namespace: o2scl function: vector_lagk_autocorr_mult
Namespace: o2scl function: vector_lagk_autocorr_mult
Multiple entry vector_lagk_autocorr_mult
Namespace: o2scl function: vector_lagk_autocorr_mult
Multiple entry vector_lagk_autocorr_mult
Namespace: o2scl function: vector_lagk_autocorr_mult
Multiple entry vector_lagk_autocorr_mult
Namespace: o2scl function: vector_autocorr_vector_mult
Namespace: o2scl function: vector_autocorr_vector_mult
Multiple entry vector_autocorr_vector_mult
Namespace:  function: vector_acor
Namespace:  function: vector_acor
Multiple entry vector_acor
Namespace: o2scl function: vector_to_bins
Namespace: o2scl function: get_screen_size_curses
Namespace: o2scl function: get_screen_size_tput
Namespace: o2scl function: get_screen_size_ioctl
Namespace:  function: shuffle_swap
Namespace:  function: choose_copy
Namespace:  function: vector_shuffle
Namespace: o2scl_acol function: parse_arrays
Namespace: o2scl_cblas function: matrix_is_finite
Namespace: o2scl_cblas function: matrix_is_finite
Multiple entry matrix_is_finite
Namespace: o2scl_cblas function: dasum
Namespace: o2scl_cblas function: daxpy
Namespace: o2scl_cblas function: ddot
Namespace: o2scl_cblas function: dnrm2
Namespace: o2scl_cblas function: dscal
Namespace: o2scl_cblas function: dgemv
Namespace: o2scl_cblas function: dtrsv
Namespace: o2scl_cblas function: dtrmv
Namespace: o2scl_cblas function: dgemm
Namespace: o2scl_cblas function: dtrsm
Namespace: o2scl_cblas function: daxpy_subvec
Namespace: o2scl_cblas function: ddot_subvec
Namespace: o2scl_cblas function: dnrm2_subvec
Namespace: o2scl_cblas function: dscal_subvec
Namespace: o2scl_cblas function: daxpy_subcol
Namespace: o2scl_cblas function: ddot_subcol
Namespace: o2scl_cblas function: dnrm2_subcol
Namespace: o2scl_cblas function: dscal_subcol
Namespace: o2scl_cblas function: dasum_subcol
Namespace: o2scl_cblas function: daxpy_subrow
Namespace: o2scl_cblas function: ddot_subrow
Namespace: o2scl_cblas function: dnrm2_subrow
Namespace: o2scl_cblas function: dscal_subrow
Namespace: o2scl_hdf function: hdf_input
Namespace: o2scl_hdf function: hdf_output
Namespace: o2scl_hdf function: hdf_input_data
Namespace: o2scl_hdf function: hdf_output_data
Namespace: o2scl_hdf function: hdf_input
Multiple entry hdf_input
Namespace: o2scl_hdf function: hdf_output
Multiple entry hdf_output
Namespace: o2scl_hdf function: hdf_input
Multiple entry hdf_input
Namespace: o2scl_hdf function: hdf_output
Multiple entry hdf_output
Namespace: o2scl_hdf function: hdf_input_data
Multiple entry hdf_input_data
Namespace: o2scl_hdf function: hdf_output_data
Multiple entry hdf_output_data
Namespace: o2scl_hdf function: hdf_input
Multiple entry hdf_input
Namespace: o2scl_hdf function: hdf_output
Multiple entry hdf_output
Namespace: o2scl_hdf function: hdf_input
Multiple entry hdf_input
Namespace: o2scl_hdf function: hdf_output
Multiple entry hdf_output
Namespace: o2scl_hdf function: hdf_input
Multiple entry hdf_input
Namespace: o2scl_hdf function: hdf_output
Multiple entry hdf_output
Namespace: o2scl_hdf function: hdf_output
Multiple entry hdf_output
Namespace: o2scl_hdf function: hdf_output_data
Multiple entry hdf_output_data
Namespace: o2scl_hdf function: hdf_output
Multiple entry hdf_output
Namespace: o2scl_hdf function: hdf_output_data
Multiple entry hdf_output_data
Namespace: o2scl_hdf function: hdf_output
Multiple entry hdf_output
Namespace: o2scl_hdf function: hdf_input
Multiple entry hdf_input
Namespace: o2scl_hdf function: hdf_output
Multiple entry hdf_output
Namespace: o2scl_hdf function: hdf_input
Multiple entry hdf_input
Namespace: o2scl_hdf function: hdf_output
Multiple entry hdf_output
Namespace: o2scl_hdf function: hdf_output
Multiple entry hdf_output
Namespace: o2scl_hdf function: hdf_input
Multiple entry hdf_input
Namespace: o2scl_hdf function: hdf_output
Multiple entry hdf_output
Namespace: o2scl_hdf function: hdf_input
Multiple entry hdf_input
Namespace: o2scl_hdf function: hdf_output
Multiple entry hdf_output
Namespace: o2scl_hdf function: hdf_input
Multiple entry hdf_input
Namespace: o2scl_hdf function: hdf_output
Multiple entry hdf_output
Namespace: o2scl_hdf function: hdf_input
Multiple entry hdf_input
Namespace: o2scl_hdf function: hdf_output
Multiple entry hdf_output
Namespace: o2scl_hdf function: hdf_input
Multiple entry hdf_input
Namespace: o2scl_hdf function: hdf_output
Multiple entry hdf_output
Namespace: o2scl_hdf function: hdf_input
Multiple entry hdf_input
Namespace: o2scl_hdf function: value_spec
Namespace: o2scl_hdf function: vector_spec
Namespace: o2scl_hdf function: strings_spec
Namespace: o2scl_hdf function: vector_spec
Multiple entry vector_spec
Namespace: o2scl_hdf function: mult_vector_spec
Namespace: o2scl_hdf function: hdf_output
Multiple entry hdf_output
Namespace: o2scl_linalg function: bidiag_decomp
Namespace: o2scl_linalg function: bidiag_unpack
Namespace: o2scl_linalg function: bidiag_unpack2
Namespace: o2scl_linalg function: bidiag_unpack_B
Namespace: o2scl_linalg function: cholesky_decomp
Namespace: o2scl_linalg function: cholesky_det
Namespace: o2scl_linalg function: cholesky_lndet
Namespace: o2scl_linalg function: cholesky_solve
Namespace: o2scl_linalg function: cholesky_svx
Namespace: o2scl_linalg function: cholesky_invert
Namespace: o2scl_linalg function: cholesky_decomp_unit
Namespace: o2scl_linalg function: create_givens
Namespace: o2scl_linalg function: apply_givens_qr
Namespace: o2scl_linalg function: apply_givens_lq
Namespace: o2scl_linalg function: apply_givens_vec
Namespace: o2scl_linalg function: HH_svx
Namespace: o2scl_linalg function: HH_solve
Namespace: o2scl_linalg function: householder_transform
Namespace: o2scl_linalg function: householder_transform_subcol
Namespace: o2scl_linalg function: householder_transform_subrow
Namespace: o2scl_linalg function: householder_hm
Namespace: o2scl_linalg function: householder_hm_subcol
Namespace: o2scl_linalg function: householder_hm_subrow
Namespace: o2scl_linalg function: householder_hv
Namespace: o2scl_linalg function: householder_hv_subcol
Namespace: o2scl_linalg function: householder_hm1
Namespace: o2scl_linalg function: householder_hm1_sub
Namespace: o2scl_linalg function: householder_mh
Namespace: o2scl_linalg function: householder_mh_subrow
Namespace: o2scl_linalg function: diagonal_has_zero
Namespace: o2scl_linalg function: LU_decomp
Namespace: o2scl_linalg function: LU_svx
Namespace: o2scl_linalg function: LU_decomp_alt
Namespace: o2scl_linalg function: LU_solve
Namespace: o2scl_linalg function: LU_refine
Namespace: o2scl_linalg function: LU_invert
Namespace: o2scl_linalg function: LU_det
Namespace: o2scl_linalg function: LU_lndet
Namespace: o2scl_linalg function: LU_sgndet
Namespace: o2scl_linalg function: QR_decomp
Namespace: o2scl_linalg function: QR_QTvec
Namespace: o2scl_linalg function: QR_unpack
Namespace: o2scl_linalg function: QR_svx
Namespace: o2scl_linalg function: QR_solve
Namespace: o2scl_linalg function: QR_update
Namespace: o2scl_linalg function: QR_decomp_unpack
Namespace: o2scl_linalg function: QRPT_decomp
Namespace: o2scl_linalg function: SV_decomp
Namespace: o2scl_linalg function: SV_decomp_mod
Namespace: o2scl_linalg function: SV_solve
Namespace: o2scl_linalg function: SV_decomp_jacobi
Namespace: o2scl_linalg function: balance_columns
Namespace: o2scl_linalg function: chop_small_elements
Namespace: o2scl_linalg function: trailing_eigenvalue
Namespace: o2scl_linalg function: create_schur
Namespace: o2scl_linalg function: svd2
Namespace: o2scl_linalg function: svd2_sub
Namespace: o2scl_linalg function: chase_out_intermediate_zero
Namespace: o2scl_linalg function: chase_out_trailing_zero
Namespace: o2scl_linalg function: chase_out_trailing_zero_sub
Namespace: o2scl_linalg function: qrstep
Namespace: o2scl_linalg function: qrstep_sub
Namespace: o2scl_linalg function: solve_tridiag_sym
Namespace: o2scl_linalg function: solve_tridiag_nonsym
Namespace: o2scl_linalg function: solve_cyc_tridiag_sym
Namespace: o2scl_linalg function: solve_cyc_tridiag_nonsym
Namespace: o2scl_linalg function: solve_tridiag_sym
Multiple entry solve_tridiag_sym
Namespace: o2scl_linalg function: solve_tridiag_nonsym
Multiple entry solve_tridiag_nonsym
Namespace: o2scl_linalg function: solve_cyc_tridiag_sym
Multiple entry solve_cyc_tridiag_sym
Namespace: o2scl_linalg function: solve_cyc_tridiag_nonsym
Multiple entry solve_cyc_tridiag_nonsym
Namespace: o2scl_linalg_bracket function: LU_decomp_array_2d
Namespace: o2scl_auto_format function: operator<<
Multiple entry operator<<
Namespace: o2scl_auto_format function: operator<<
Multiple entry operator<<
Namespace: o2scl_auto_format function: operator<<
Multiple entry operator<<
Namespace: o2scl_auto_format function: operator<<
Multiple entry operator<<
Namespace: o2scl_auto_format function: operator<<
Multiple entry operator<<
Namespace: o2scl_auto_format function: operator<<
Multiple entry operator<<
Namespace: o2scl_auto_format function: operator<<
Multiple entry operator<<
Namespace: o2scl_auto_format function: operator<<
Multiple entry operator<<
Namespace: o2scl_auto_format function: operator<<
Multiple entry operator<<
Namespace: o2scl_auto_format function: operator<<
Multiple entry operator<<
Namespace: o2scl_auto_format function: operator<<
Multiple entry operator<<
Namespace: o2scl_auto_format function: operator<<
Multiple entry operator<<
Namespace: o2scl_auto_format function: operator<<
Multiple entry operator<<
Namespace: o2scl_auto_format function: operator<<
Multiple entry operator<<
Namespace: o2scl_auto_format function: operator<<
Multiple entry operator<<

---------------------------------------------------
Creating rst files for non-duplicate functions:

Skipping const_vector_range
Skipping dtos
Skipping hdf_input
Skipping hdf_input_data
Skipping hdf_output
Skipping hdf_output_data
Skipping linear_or_log
Skipping matrix_copy
Skipping matrix_is_finite
Skipping matrix_is_lower
Skipping matrix_is_upper
Skipping matrix_lookup
Skipping matrix_make_lower
Skipping matrix_make_upper
Skipping matrix_max
Skipping matrix_max_index
Skipping matrix_max_value
Skipping matrix_min
Skipping matrix_min_index
Skipping matrix_min_value
Skipping matrix_minmax
Skipping matrix_out
Skipping matrix_set_all
Skipping matrix_set_identity
Skipping matrix_sum
Skipping matrix_swap
Skipping matrix_swap_double
Skipping matrix_trans_out
Skipping matrix_transpose
Skipping o2abs
Skipping o2exp
Skipping o2hypot
Skipping o2isfinite
Skipping o2log
Skipping o2sqrt
Skipping operator<<
Skipping pipe_cmd_string
Skipping rebin_xy
Skipping solve_cyc_tridiag_nonsym
Skipping solve_cyc_tridiag_sym
Skipping solve_tridiag_nonsym
Skipping solve_tridiag_sym
Skipping vector_absdev
Skipping vector_acor
Skipping vector_autocorr_vector_mult
Skipping vector_bin_size_freedman
Skipping vector_bin_size_scott
Skipping vector_bsearch
Skipping vector_chi_squared
Skipping vector_copy
Skipping vector_copy_jackknife
Skipping vector_correlation
Skipping vector_covariance
Skipping vector_integ_xy_interp
Skipping vector_is_finite
Skipping vector_is_monotonic
Skipping vector_is_strictly_monotonic
Skipping vector_kurtosis
Skipping vector_lag1_autocorr
Skipping vector_lagk_autocorr
Skipping vector_lagk_autocorr_mult
Skipping vector_largest
Skipping vector_lookup
Skipping vector_max_quad
Skipping vector_max_value
Skipping vector_mean
Skipping vector_median_sorted
Skipping vector_min_quad
Skipping vector_min_value
Skipping vector_norm
Skipping vector_norm_double
Skipping vector_out
Skipping vector_out_quotes
Skipping vector_pvariance
Skipping vector_quantile_sorted
Skipping vector_range
Skipping vector_reverse
Skipping vector_reverse_double
Skipping vector_roll_avg
Skipping vector_search
Skipping vector_set_all
Skipping vector_skew
Skipping vector_smallest
Skipping vector_smallest_index
Skipping vector_sort_index
Skipping vector_spec
Skipping vector_stddev
Skipping vector_stddev_fmean
Skipping vector_sum
Skipping vector_sum_double
Skipping vector_swap
Skipping vector_swap_double
Skipping vector_variance
Skipping vector_variance_fmean
Skipping vectors_equal
Skipping vectors_equal_tol
Skipping wvector_absdev
Skipping wvector_covariance
Skipping wvector_factor
Skipping wvector_kurtosis
Skipping wvector_mean
Skipping wvector_skew
Skipping wvector_stddev
Skipping wvector_stddev_fmean
Skipping wvector_sumsq
Skipping wvector_variance
Skipping wvector_variance_fmean

---------------------------------------------------
Creating rst files for duplicate functions:

Herex: const_vector_range const_vector_range
const_vector_range(const dat_t *v, size_t start, size_t last)
Herex: const_vector_range const_vector_range
const_vector_range(boost::numeric::ublas::vector<dat_t> &v, size_t start, size_t last)
Herex: const_vector_range const_vector_range
const_vector_range(const boost::numeric::ublas::vector<dat_t> &v, size_t start, size_t last)
Herex: const_vector_range const_vector_range
const_vector_range(boost::numeric::ublas::vector_range<boost::numeric::ublas::vector<dat_t>> &v, size_t start, size_t last)
Herex: const_vector_range const_vector_range
const_vector_range(const boost::numeric::ublas::vector_range<boost::numeric::ublas::vector<dat_t>> &v, size_t start, size_t last)
Herex: const_vector_range const_vector_range
const_vector_range(const boost::numeric::ublas::vector_range<const boost::numeric::ublas::vector<dat_t>> &v, size_t start, size_t last)
Herex: const_vector_range const_vector_range
const_vector_range(const std::vector<data_t> &v, size_t start, size_t last)
Herex: const_vector_range const_vector_range
const_vector_range(std::vector<data_t> &v, size_t start, size_t last)
Herex: const_vector_range const_vector_range
const_vector_range(vector_range_gen<vec_t> &v, size_t start, size_t last)
Herex: const_vector_range const_vector_range
const_vector_range(const vector_range_gen<vec_t> &v, size_t start, size_t last)
Herex: const_vector_range const_vector_range
const_vector_range(const const_vector_range_gen<vec_t> &v, size_t start, size_t last)
Herex: dtos dtos
dtos(const fp_t &x, int prec = 6, bool auto_prec = false)
Herex: dtos dtos
dtos(double x, std::ostream &format)
Herex: hdf_input hdf_input
hdf_input(hdf_file &hf, o2scl::table<vec_t> &t, std::string name)
Herex: hdf_input_data hdf_input
Herex: hdf_input hdf_input
hdf_input(hdf_file &hf, o2scl::table3d &h, std::string name = "")
Herex: hdf_input hdf_input
hdf_input(hdf_file &hf, o2scl::table_units<vec_t> &t, std::string name)
Herex: hdf_input_data hdf_input
Herex: hdf_input hdf_input
hdf_input(hdf_file &hf, o2scl::tensor_grid<vec_t, vec_size_t> &t, std::string name)
Herex: hdf_input hdf_input
hdf_input(hdf_file &hf, o2scl::uniform_grid<double> &h, std::string name = "")
Herex: hdf_input hdf_input
hdf_input(hdf_file &hf, o2scl::prob_dens_mdim_amr<vec_t, mat_t> &p, std::string name)
Herex: hdf_input hdf_input
hdf_input(hdf_file &hf, o2scl::hist &h, std::string name = "")
Herex: hdf_input hdf_input
hdf_input(hdf_file &hf, o2scl::hist_2d &h, std::string name = "")
Herex: hdf_input hdf_input
hdf_input(hdf_file &hf, o2scl::expval_scalar &h, std::string name = "")
Herex: hdf_input hdf_input
hdf_input(hdf_file &hf, o2scl::expval_vector &h, std::string name = "")
Herex: hdf_input hdf_input
hdf_input(hdf_file &hf, o2scl::expval_matrix &h, std::string name = "")
Herex: hdf_input hdf_input
hdf_input(hdf_file &hf, std::vector<o2scl::contour_line> &cl, std::string name = "")
Herex: hdf_input hdf_input
hdf_input(hdf_file &hf, std::vector<o2scl::edge_crossings> &ec, std::string name = "")
Herex: hdf_input hdf_input
hdf_input(hdf_file &hf, o2scl::tensor_grid<std::vector<double>, std::vector<size_t>> &t, std::string name = "")
Herex: hdf_input_data hdf_input_data
hdf_input_data(hdf_file &hf, o2scl::table<vec_t> &t)
Herex: hdf_input_data hdf_input_data
hdf_input_data(hdf_file &hf, o2scl::table_units<vec_t> &t)
Herex: hdf_output hdf_output
hdf_output(hdf_file &hf, o2scl::table<std::vector<double>> &t, std::string name)
Herex: hdf_output_data hdf_output
Herex: hdf_output hdf_output
hdf_output(hdf_file &hf, o2scl::table3d &t, std::string name)
Herex: hdf_output hdf_output
hdf_output(hdf_file &hf, o2scl::table_units<std::vector<double>> &t, std::string name)
Herex: hdf_output_data hdf_output
Herex: hdf_output hdf_output
hdf_output(hdf_file &hf, o2scl::tensor_grid<vec_t, vec_size_t> &t, std::string name)
Herex: hdf_output hdf_output
hdf_output(hdf_file &hf, o2scl::uniform_grid<double> &h, std::string name)
Herex: hdf_output hdf_output
hdf_output(hdf_file &hf, o2scl::prob_dens_mdim_amr<vec_t, mat_t> &p, std::string name)
Herex: hdf_output hdf_output
hdf_output(hdf_file &hf, o2scl::table<> &t, std::string name)
Herex: hdf_output_data hdf_output
Herex: hdf_output hdf_output
hdf_output(hdf_file &hf, o2scl::table_units<> &t, std::string name)
Herex: hdf_output_data hdf_output
Herex: hdf_output hdf_output
hdf_output(hdf_file &hf, o2scl::hist &h, std::string name)
Herex: hdf_output hdf_output
hdf_output(hdf_file &hf, const o2scl::hist_2d &h, std::string name)
Herex: hdf_output hdf_output
hdf_output(hdf_file &hf, const o2scl::table3d &h, std::string name)
Herex: hdf_output hdf_output
hdf_output(hdf_file &hf, o2scl::expval_scalar &h, std::string name)
Herex: hdf_output hdf_output
hdf_output(hdf_file &hf, o2scl::expval_vector &h, std::string name)
Herex: hdf_output hdf_output
hdf_output(hdf_file &hf, o2scl::expval_matrix &h, std::string name)
Herex: hdf_output hdf_output
hdf_output(hdf_file &hf, const std::vector<o2scl::contour_line> &cl, std::string name)
Herex: hdf_output hdf_output
hdf_output(hdf_file &hf, const std::vector<o2scl::edge_crossings> &ec, std::string name)
Herex: hdf_output hdf_output
hdf_output(hdf_file &hf, o2scl::tensor_grid<std::vector<double>, std::vector<size_t>> &t, std::string name)
Herex: hdf_output hdf_output
hdf_output(hdf_file &hf, o2scl::hist_2d &t, std::string name)
Herex: hdf_output_data hdf_output_data
hdf_output_data(hdf_file &hf, o2scl::table<std::vector<double>> &t)
Herex: hdf_output_data hdf_output_data
hdf_output_data(hdf_file &hf, o2scl::table_units<std::vector<double>> &t)
Herex: hdf_output_data hdf_output_data
hdf_output_data(hdf_file &hf, o2scl::table<> &t)
Herex: hdf_output_data hdf_output_data
hdf_output_data(hdf_file &hf, o2scl::table_units<> &t)
Herex: linear_or_log_chi2 linear_or_log
Herex: linear_or_log linear_or_log
linear_or_log(vec_t &x, vec2_t &y, bool &log_x, bool &log_y)
Herex: linear_or_log linear_or_log
linear_or_log(vec_t &y, bool &log_y)
Herex: matrix_copy matrix_copy
matrix_copy(mat_t &src, mat2_t &dest)
Herex: matrix_copy matrix_copy
matrix_copy(size_t M, size_t N, mat_t &src, mat2_t &dest)
Herex: matrix_is_finite matrix_is_finite
matrix_is_finite(size_t m, size_t n, mat_t &data)
Herex: matrix_is_finite matrix_is_finite
matrix_is_finite(mat_t &data)
Herex: matrix_is_lower matrix_is_lower
matrix_is_lower(mat_t &src)
Herex: matrix_is_lower matrix_is_lower
matrix_is_lower(size_t m, size_t n, mat_t &src)
Herex: matrix_is_upper matrix_is_upper
matrix_is_upper(mat_t &src)
Herex: matrix_is_upper matrix_is_upper
matrix_is_upper(size_t m, size_t n, mat_t &src)
Herex: matrix_lookup matrix_lookup
matrix_lookup(size_t m, size_t n, const mat_t &A, double x0, size_t &i, size_t &j)
Herex: matrix_lookup matrix_lookup
matrix_lookup(const mat_t &A, double x0, size_t &i, size_t &j)
Herex: matrix_make_lower matrix_make_lower
matrix_make_lower(mat_t &src)
Herex: matrix_make_lower matrix_make_lower
matrix_make_lower(size_t m, size_t n, mat_t &src)
Herex: matrix_make_upper matrix_make_upper
matrix_make_upper(mat_t &src)
Herex: matrix_make_upper matrix_make_upper
matrix_make_upper(size_t m, size_t n, mat_t &src)
Herex: matrix_max_value matrix_max
Herex: matrix_max_value matrix_max
Herex: matrix_max_value_double matrix_max
Herex: matrix_max_index matrix_max
Herex: matrix_max_index matrix_max
Herex: matrix_max matrix_max
matrix_max(const arma::mat &data)
Herex: matrix_max matrix_max
matrix_max(const Eigen::MatrixXd &data)
Herex: matrix_max_index matrix_max_index
matrix_max_index(size_t m, size_t n, const mat_t &data, size_t &i_max, size_t &j_max, data_t &max)
Herex: matrix_max_index matrix_max_index
matrix_max_index(const mat_t &data, size_t &i_max, size_t &j_max, data_t &max)
Herex: matrix_max_value matrix_max_value
matrix_max_value(size_t m, const size_t n, const mat_t &data)
Herex: matrix_max_value matrix_max_value
matrix_max_value(const mat_t &data)
Herex: matrix_max_value_double matrix_max_value
Herex: matrix_min_value matrix_min
Herex: matrix_min_value matrix_min
Herex: matrix_min_value_double matrix_min
Herex: matrix_min_index matrix_min
Herex: matrix_min_index matrix_min
Herex: matrix_minmax matrix_min
Herex: matrix_minmax matrix_min
Herex: matrix_minmax_index matrix_min
Herex: matrix_min matrix_min
matrix_min(const arma::mat &data)
Herex: matrix_min matrix_min
matrix_min(const Eigen::MatrixXd &data)
Herex: matrix_min_index matrix_min_index
matrix_min_index(size_t n, size_t m, const mat_t &data, size_t &i_min, size_t &j_min, data_t &min)
Herex: matrix_min_index matrix_min_index
matrix_min_index(const mat_t &data, size_t &i_min, size_t &j_min, data_t &min)
Herex: matrix_min_value matrix_min_value
matrix_min_value(size_t m, size_t n, const mat_t &data)
Herex: matrix_min_value matrix_min_value
matrix_min_value(const mat_t &data)
Herex: matrix_min_value_double matrix_min_value
Herex: matrix_minmax matrix_minmax
matrix_minmax(size_t n, size_t m, const mat_t &data, data_t &min, data_t &max)
Herex: matrix_minmax matrix_minmax
matrix_minmax(const mat_t &data, data_t &min, data_t &max)
Herex: matrix_minmax_index matrix_minmax
Herex: matrix_out matrix_out
matrix_out(std::ostream &os, size_t nrows, size_t ncols, const mat_t &A)
Herex: matrix_out matrix_out
matrix_out(std::ostream &os, const mat_t &A)
Herex: matrix_set_all matrix_set_all
matrix_set_all(size_t M, size_t N, mat_t &src, data_t val)
Herex: matrix_set_all matrix_set_all
matrix_set_all(mat_t &src, data_t val)
Herex: matrix_set_identity matrix_set_identity
matrix_set_identity(size_t M, size_t N, mat_t &m)
Herex: matrix_set_identity matrix_set_identity
matrix_set_identity(mat_t &m)
Herex: matrix_sum matrix_sum
matrix_sum(size_t m, size_t n, const mat_t &data)
Herex: matrix_sum matrix_sum
matrix_sum(const mat_t &data)
Herex: matrix_swap matrix_swap
matrix_swap(size_t M, size_t N, mat_t &v1, mat2_t &v2)
Herex: matrix_swap_double matrix_swap
Herex: matrix_swap matrix_swap
matrix_swap(mat_t &m, size_t i1, size_t j1, size_t i2, size_t j2)
Herex: matrix_swap_double matrix_swap
Herex: matrix_swap_cols matrix_swap
Herex: matrix_swap_cols_double matrix_swap
Herex: matrix_swap_rows matrix_swap
Herex: matrix_swap_rows_double matrix_swap
Herex: matrix_swap_double matrix_swap_double
matrix_swap_double(size_t M, size_t N, mat_t &m1, mat2_t &m2)
Herex: matrix_swap_double matrix_swap_double
matrix_swap_double(mat_t &m, size_t i1, size_t j1, size_t i2, size_t j2)
Herex: matrix_trans_out matrix_trans_out
matrix_trans_out(std::ostream &os, size_t nrows, size_t ncols, const mat_t &A)
Herex: matrix_trans_out matrix_trans_out
matrix_trans_out(std::ostream &os, const mat_t &A)
Herex: matrix_transpose matrix_transpose
matrix_transpose(mat_t &src, mat2_t &dest)
Herex: matrix_transpose matrix_transpose
matrix_transpose(size_t m, size_t n, mat_t &src, mat2_t &dest)
Herex: matrix_transpose matrix_transpose
matrix_transpose(mat_t &src)
Herex: matrix_transpose matrix_transpose
matrix_transpose(size_t m, size_t n, mat_t &src)
Herex: o2abs o2abs
o2abs(const float x)
Herex: o2abs o2abs
o2abs(const double x)
Herex: o2abs o2abs
o2abs(const long double x)
Herex: o2abs o2abs
o2abs(const boost::multiprecision::number<boost::multiprecision::cpp_dec_float<35>> x)
Herex: o2abs o2abs
o2abs(const boost::multiprecision::cpp_dec_float_50 x)
Herex: o2abs o2abs
o2abs(const boost::multiprecision::cpp_dec_float_100 x)
Herex: o2exp o2exp
o2exp(const float x)
Herex: o2exp o2exp
o2exp(const double x)
Herex: o2exp o2exp
o2exp(const long double x)
Herex: o2exp o2exp
o2exp(const boost::multiprecision::number<boost::multiprecision::cpp_dec_float<35>> x)
Herex: o2exp o2exp
o2exp(const boost::multiprecision::cpp_dec_float_50 x)
Herex: o2exp o2exp
o2exp(const boost::multiprecision::cpp_dec_float_100 x)
Herex: o2hypot o2hypot
o2hypot(const float x, const float y)
Herex: o2hypot o2hypot
o2hypot(const double x, const double y)
Herex: o2hypot o2hypot
o2hypot(const long double x, const long double y)
Herex: o2hypot o2hypot
o2hypot(const boost::multiprecision::number<boost::multiprecision::cpp_dec_float<35>> x, const boost::multiprecision::number<boost::multiprecision::cpp_dec_float<35>> y)
Herex: o2hypot o2hypot
o2hypot(const boost::multiprecision::cpp_dec_float_50 x, const boost::multiprecision::cpp_dec_float_50 y)
Herex: o2hypot o2hypot
o2hypot(const boost::multiprecision::cpp_dec_float_100 x, const boost::multiprecision::cpp_dec_float_100 y)
Herex: o2isfinite o2isfinite
o2isfinite(const double x)
Herex: o2isfinite o2isfinite
o2isfinite(const boost::multiprecision::number<boost::multiprecision::cpp_dec_float<35>> x)
Herex: o2isfinite o2isfinite
o2isfinite(const boost::multiprecision::cpp_dec_float_50 x)
Herex: o2isfinite o2isfinite
o2isfinite(const boost::multiprecision::cpp_dec_float_100 x)
Herex: o2log o2log
o2log(const float x)
Herex: o2log o2log
o2log(const double x)
Herex: o2log o2log
o2log(const long double x)
Herex: o2log o2log
o2log(const boost::multiprecision::number<boost::multiprecision::cpp_dec_float<35>> x)
Herex: o2log o2log
o2log(const boost::multiprecision::cpp_dec_float_50 x)
Herex: o2log o2log
o2log(const boost::multiprecision::cpp_dec_float_100 x)
Herex: o2sqrt o2sqrt
o2sqrt(const float x)
Herex: o2sqrt o2sqrt
o2sqrt(const double x)
Herex: o2sqrt o2sqrt
o2sqrt(const long double x)
Herex: o2sqrt o2sqrt
o2sqrt(const boost::multiprecision::number<boost::multiprecision::cpp_dec_float<35>> x)
Herex: o2sqrt o2sqrt
o2sqrt(const boost::multiprecision::cpp_dec_float_50 x)
Herex: o2sqrt o2sqrt
o2sqrt(const boost::multiprecision::cpp_dec_float_100 x)
Herex: pipe_cmd_string pipe_cmd_string
pipe_cmd_string(std::string cmd, std::string &result, bool err_on_fail = true, int nmax = 80)
Herex: pipe_cmd_string pipe_cmd_string
pipe_cmd_string(std::string cmd, int nmax = 80)
Herex: rebin_xy rebin_xy
rebin_xy(const vec_t &x, const vec2_t &y, vec3_t &x_out, vec4_t &y_out, size_t n_pts, size_t interp_type)
Herex: rebin_xy rebin_xy
rebin_xy(const vec_t &x, const vec2_t &y, vec3_t &x_out, vec4_t &y_out, size_t n_pts, size_t interp_type1, size_t interp_type2, double acc = 1.0e-4)
Herex: solve_cyc_tridiag_nonsym solve_cyc_tridiag_nonsym
solve_cyc_tridiag_nonsym(const vec_t &diag, const vec2_t &abovediag, const vec3_t &belowdiag, const vec4_t &rhs, vec5_t &x, size_t N, mem_t &m)
Herex: solve_cyc_tridiag_nonsym solve_cyc_tridiag_nonsym
solve_cyc_tridiag_nonsym(const vec_t &diag, const vec2_t &abovediag, const vec3_t &belowdiag, const vec4_t &rhs, vec5_t &x, size_t N)
Herex: solve_cyc_tridiag_sym solve_cyc_tridiag_sym
solve_cyc_tridiag_sym(const vec_t &diag, const vec2_t &offdiag, const vec3_t &b, vec4_t &x, size_t N, mem_t &m)
Herex: solve_cyc_tridiag_sym solve_cyc_tridiag_sym
solve_cyc_tridiag_sym(const vec_t &diag, const vec2_t &offdiag, const vec3_t &b, vec4_t &x, size_t N)
Herex: solve_tridiag_nonsym solve_tridiag_nonsym
solve_tridiag_nonsym(const vec_t &diag, const vec2_t &abovediag, const vec3_t &belowdiag, const vec4_t &rhs, vec5_t &x, size_t N, mem_t &m)
Herex: solve_tridiag_nonsym solve_tridiag_nonsym
solve_tridiag_nonsym(const vec_t &diag, const vec2_t &abovediag, const vec3_t &belowdiag, const vec4_t &rhs, vec5_t &x, size_t N)
Herex: solve_tridiag_sym solve_tridiag_sym
solve_tridiag_sym(const vec_t &diag, const vec2_t &offdiag, const vec3_t &b, vec4_t &x, size_t N, mem_t &m)
Herex: solve_tridiag_sym solve_tridiag_sym
solve_tridiag_sym(const vec_t &diag, const vec2_t &offdiag, const vec3_t &b, vec4_t &x, size_t N)
Herex: vector_absdev vector_absdev
vector_absdev(size_t n, const vec_t &data, double mean)
Herex: vector_absdev vector_absdev
vector_absdev(const vec_t &data, double mean)
Herex: vector_absdev vector_absdev
vector_absdev(size_t n, const vec_t &data)
Herex: vector_absdev vector_absdev
vector_absdev(const vec_t &data)
Herex: wvector_absdev vector_absdev
Herex: wvector_absdev vector_absdev
Herex: wvector_absdev vector_absdev
Herex: wvector_absdev vector_absdev
Herex: vector_acor vector_acor
vector_acor(size_t n, vec_t &v, double &mean, double &sigma, double &tau, int verbose = 0, size_t tau_max = 2, size_t win_mult = 5, size_t max_lag = 40, size_t min_fac = 5)
Herex: vector_acor vector_acor
vector_acor(vec_t &v, double &mean, double &sigma, double &tau, int verbose = 0, size_t tau_max = 2, size_t win_mult = 5, size_t max_lag = 40, size_t min_fac = 5)
Herex: vector_autocorr_vector_mult vector_autocorr_vector_mult
vector_autocorr_vector_mult(size_t n2, const vec_t &data, const vec2_t &mult, resize_vec_t &ac_vec)
Herex: vector_autocorr_vector_mult vector_autocorr_vector_mult
vector_autocorr_vector_mult(const vec_t &data, const vec2_t &mult, resize_vec_t &ac_vec)
Herex: vector_bin_size_freedman vector_bin_size_freedman
vector_bin_size_freedman(size_t n, vec_t &v)
Herex: vector_bin_size_freedman vector_bin_size_freedman
vector_bin_size_freedman(vec_t &v)
Herex: vector_bin_size_scott vector_bin_size_scott
vector_bin_size_scott(size_t n, const vec_t &v)
Herex: vector_bin_size_scott vector_bin_size_scott
vector_bin_size_scott(const vec_t &v)
Herex: vector_bsearch_inc vector_bsearch
Herex: vector_bsearch_dec vector_bsearch
Herex: vector_bsearch vector_bsearch
vector_bsearch(const data_t x0, const vec_t &x, size_t lo, size_t hi)
Herex: vector_bsearch vector_bsearch
vector_bsearch(const data_t x0, const vec_t &x)
Herex: vector_chi_squared vector_chi_squared
vector_chi_squared(size_t n, const vec_t &obs, const vec2_t &exp, const vec3_t &err)
Herex: vector_chi_squared vector_chi_squared
vector_chi_squared(const vec_t &obs, const vec2_t &exp, const vec3_t &err)
Herex: vector_copy vector_copy
vector_copy(const vec_t &src, vec2_t &dest)
Herex: vector_copy vector_copy
vector_copy(size_t N, const vec_t &src, vec2_t &dest)
Herex: vector_copy_jackknife vector_copy
Herex: vector_copy_jackknife vector_copy
Herex: vector_copy_jackknife vector_copy_jackknife
vector_copy_jackknife(const vec_t &src, size_t iout, vec2_t &dest)
Herex: vector_copy_jackknife vector_copy_jackknife
vector_copy_jackknife(size_t sz, const vec_t &src, size_t iout, vec2_t &dest)
Herex: vector_correlation vector_correlation
vector_correlation(size_t n, const vec_t &data1, const vec2_t &data2)
Herex: vector_correlation vector_correlation
vector_correlation(const vec_t &data1, const vec2_t &data2)
Herex: vector_covariance vector_covariance
vector_covariance(size_t n, const vec_t &data1, const vec2_t &data2, double mean1, double mean2)
Herex: vector_covariance vector_covariance
vector_covariance(const vec_t &data1, const vec2_t &data2, double mean1, double mean2)
Herex: vector_covariance vector_covariance
vector_covariance(size_t n, const vec_t &data1, const vec2_t &data2)
Herex: vector_covariance vector_covariance
vector_covariance(const vec_t &data1, const vec2_t &data2)
Herex: wvector_covariance vector_covariance
Herex: wvector_covariance vector_covariance
Herex: vector_integ_xy_interp vector_integ_xy_interp
vector_integ_xy_interp(size_t n, const vec_t &x, const vec2_t &y, size_t interp_type = itp_linear)
Herex: vector_integ_xy_interp vector_integ_xy_interp
vector_integ_xy_interp(size_t n, const vec_t &x, const vec2_t &y, vec3_t &iy, size_t interp_type = itp_linear)
Herex: vector_is_finite vector_is_finite
vector_is_finite(size_t n, vec_t &data)
Herex: vector_is_finite vector_is_finite
vector_is_finite(vec_t &data)
Herex: vector_is_monotonic vector_is_monotonic
vector_is_monotonic(size_t n, vec_t &data)
Herex: vector_is_monotonic vector_is_monotonic
vector_is_monotonic(vec_t &data)
Herex: vector_is_strictly_monotonic vector_is_strictly_monotonic
vector_is_strictly_monotonic(size_t n, vec_t &data)
Herex: vector_is_strictly_monotonic vector_is_strictly_monotonic
vector_is_strictly_monotonic(vec_t &data)
Herex: vector_kurtosis vector_kurtosis
vector_kurtosis(size_t n, const vec_t &data, double mean, double stddev)
Herex: vector_kurtosis vector_kurtosis
vector_kurtosis(const vec_t &data, double mean, double stddev)
Herex: vector_kurtosis vector_kurtosis
vector_kurtosis(size_t n, const vec_t &data)
Herex: vector_kurtosis vector_kurtosis
vector_kurtosis(const vec_t &data)
Herex: wvector_kurtosis vector_kurtosis
Herex: wvector_kurtosis vector_kurtosis
Herex: wvector_kurtosis vector_kurtosis
Herex: wvector_kurtosis vector_kurtosis
Herex: vector_lag1_autocorr vector_lag1_autocorr
vector_lag1_autocorr(size_t n, const vec_t &data, double mean)
Herex: vector_lag1_autocorr vector_lag1_autocorr
vector_lag1_autocorr(const vec_t &data, double mean)
Herex: vector_lag1_autocorr vector_lag1_autocorr
vector_lag1_autocorr(size_t n, const vec_t &data)
Herex: vector_lag1_autocorr vector_lag1_autocorr
vector_lag1_autocorr(const vec_t &data)
Herex: vector_lagk_autocorr vector_lagk_autocorr
vector_lagk_autocorr(size_t n, const vec_t &data, size_t k, double mean)
Herex: vector_lagk_autocorr vector_lagk_autocorr
vector_lagk_autocorr(const vec_t &data, size_t k, double mean)
Herex: vector_lagk_autocorr vector_lagk_autocorr
vector_lagk_autocorr(size_t n, const vec_t &data, size_t k)
Herex: vector_lagk_autocorr vector_lagk_autocorr
vector_lagk_autocorr(const vec_t &data, size_t k)
Herex: vector_lagk_autocorr_mult vector_lagk_autocorr
Herex: vector_lagk_autocorr_mult vector_lagk_autocorr
Herex: vector_lagk_autocorr_mult vector_lagk_autocorr
Herex: vector_lagk_autocorr_mult vector_lagk_autocorr
Herex: vector_lagk_autocorr_mult vector_lagk_autocorr_mult
vector_lagk_autocorr_mult(size_t n, const vec_t &data, const vec2_t &mult, size_t k, double mean)
Herex: vector_lagk_autocorr_mult vector_lagk_autocorr_mult
vector_lagk_autocorr_mult(size_t n, const vec_t &data, const vec2_t &mult, size_t k)
Herex: vector_lagk_autocorr_mult vector_lagk_autocorr_mult
vector_lagk_autocorr_mult(const vec_t &data, const vec2_t &mult, size_t k, double mean)
Herex: vector_lagk_autocorr_mult vector_lagk_autocorr_mult
vector_lagk_autocorr_mult(const vec_t &data, const vec2_t &mult, size_t k)
Herex: vector_largest vector_largest
vector_largest(size_t n, vec_t &data, size_t k, vec_t &largest)
Herex: vector_largest vector_largest
vector_largest(vec_t &data, size_t k, vec_t &largest)
Herex: vector_lookup vector_lookup
vector_lookup(size_t n, const vec_t &x, fp_t x0)
Herex: vector_lookup vector_lookup
vector_lookup(const vec_t &x, fp_t x0)
Herex: vector_max_quad vector_max_quad
vector_max_quad(size_t n, const vec_t &data)
Herex: vector_max_quad vector_max_quad
vector_max_quad(size_t n, const vec_t &x, const vec_t &y)
Herex: vector_max_quad_loc vector_max_quad
Herex: vector_max_value vector_max_value
vector_max_value(size_t n, const vec_t &data)
Herex: vector_max_value vector_max_value
vector_max_value(const vec_t &data)
Herex: vector_mean vector_mean
vector_mean(size_t n, const vec_t &data)
Herex: vector_mean vector_mean
vector_mean(const vec_t &data)
Herex: wvector_mean vector_mean
Herex: wvector_mean vector_mean
Herex: vector_median_sorted vector_median_sorted
vector_median_sorted(size_t n, const vec_t &data)
Herex: vector_median_sorted vector_median_sorted
vector_median_sorted(const vec_t &data)
Herex: vector_min_quad vector_min_quad
vector_min_quad(size_t n, const vec_t &data)
Herex: vector_min_quad vector_min_quad
vector_min_quad(size_t n, const vec_t &x, const vec_t &y)
Herex: vector_min_quad_loc vector_min_quad
Herex: vector_min_value vector_min_value
vector_min_value(size_t n, const vec_t &data)
Herex: vector_min_value vector_min_value
vector_min_value(const vec_t &data)
Herex: vector_norm vector_norm
vector_norm(size_t n, const vec_t &x)
Herex: vector_norm vector_norm
vector_norm(const vec_t &x)
Herex: vector_norm_double vector_norm
Herex: vector_norm_double vector_norm
Herex: vector_norm_double vector_norm_double
vector_norm_double(size_t n, const vec_t &x)
Herex: vector_norm_double vector_norm_double
vector_norm_double(const vec_t &x)
Herex: vector_out vector_out
vector_out(std::ostream &os, size_t n, const vec_t &v, bool endline = false)
Herex: vector_out_quotes vector_out
Herex: vector_out vector_out
vector_out(std::ostream &os, const vec_t &v, bool endline = false)
Herex: vector_out_quotes vector_out
Herex: vector_out_quotes vector_out_quotes
vector_out_quotes(std::ostream &os, size_t n, const vec_t &v, bool endline = false)
Herex: vector_out_quotes vector_out_quotes
vector_out_quotes(std::ostream &os, const vec_t &v, bool endline = false)
Herex: vector_pvariance vector_pvariance
vector_pvariance(size_t n1, const vec_t &data1, size_t n2, const vec2_t &data2)
Herex: vector_pvariance vector_pvariance
vector_pvariance(const vec_t &data1, const vec2_t &data2)
Herex: vector_quantile_sorted vector_quantile_sorted
vector_quantile_sorted(size_t n, const vec_t &data, const double f)
Herex: vector_quantile_sorted vector_quantile_sorted
vector_quantile_sorted(const vec_t &data, const double f)
Herex: vector_range vector_range
vector_range(dat_t *v, size_t start, size_t last)
Herex: const_vector_range vector_range
Herex: vector_range vector_range
vector_range(boost::numeric::ublas::vector<dat_t> &v, size_t start, size_t last)
Herex: const_vector_range vector_range
Herex: const_vector_range vector_range
Herex: vector_range vector_range
vector_range(boost::numeric::ublas::vector_range<boost::numeric::ublas::vector<dat_t>> &v, size_t start, size_t last)
Herex: const_vector_range vector_range
Herex: const_vector_range vector_range
Herex: const_vector_range vector_range
Herex: vector_range vector_range
vector_range(std::vector<data_t> &v, size_t start, size_t last)
Herex: const_vector_range vector_range
Herex: const_vector_range vector_range
Herex: vector_range vector_range
vector_range(vector_range_gen<vec_t> &v, size_t start, size_t last)
Herex: const_vector_range vector_range
Herex: const_vector_range vector_range
Herex: const_vector_range vector_range
Herex: vector_range_copy vector_range
Herex: ubvector_range vector_range
Herex: ubvector_size_t_range vector_range
Herex: vector_reverse vector_reverse
vector_reverse(size_t n, vec_t &data)
Herex: vector_reverse vector_reverse
vector_reverse(vec_t &data)
Herex: vector_reverse_double vector_reverse
Herex: vector_reverse_double vector_reverse
Herex: vector_reverse_double vector_reverse_double
vector_reverse_double(size_t n, vec_t &data)
Herex: vector_reverse_double vector_reverse_double
vector_reverse_double(vec_t &data)
Herex: vector_roll_avg vector_roll_avg
vector_roll_avg(size_t n, vec_t &v, size_t window)
Herex: vector_roll_avg vector_roll_avg
vector_roll_avg(vec_t &v, size_t window)
Herex: vector_search vector_search
vector_search(size_t n, const vec_t &x, data_t x0, size_t &i)
Herex: vector_search vector_search
vector_search(const vec_t &x, data_t x0, size_t &i)
Herex: vector_set_all vector_set_all
vector_set_all(size_t N, vec_t &src, data_t val)
Herex: vector_set_all vector_set_all
vector_set_all(vec_t &src, data_t val)
Herex: vector_skew vector_skew
vector_skew(size_t n, const vec_t &data, double mean, double stddev)
Herex: vector_skew vector_skew
vector_skew(const vec_t &data, double mean, double stddev)
Herex: vector_skew vector_skew
vector_skew(size_t n, const vec_t &data)
Herex: vector_skew vector_skew
vector_skew(const vec_t &data)
Herex: wvector_skew vector_skew
Herex: wvector_skew vector_skew
Herex: wvector_skew vector_skew
Herex: wvector_skew vector_skew
Herex: vector_smallest vector_smallest
vector_smallest(size_t n, vec_t &data, size_t k, vec_t &smallest)
Herex: vector_smallest vector_smallest
vector_smallest(vec_t &data, size_t k, vec_t &smallest)
Herex: vector_smallest_index vector_smallest
Herex: vector_smallest_index vector_smallest
Herex: vector_smallest_index vector_smallest_index
vector_smallest_index(size_t n, const vec_t &data, size_t k, vec_size_t &index)
Herex: vector_smallest_index vector_smallest_index
vector_smallest_index(const vec_t &data, size_t k, vec_size_t &index)
Herex: vector_sort_index vector_sort_index
vector_sort_index(size_t n, const vec_t &data, vec_size_t &order)
Herex: vector_sort_index vector_sort_index
vector_sort_index(const vec_t &data, vec_size_t &order)
Herex: vector_spec vector_spec
vector_spec(std::string spec, vec_t &v, int verbose = 0, bool err_on_fail = true)
Herex: vector_spec vector_spec
vector_spec(std::string spec)
Herex: mult_vector_spec vector_spec
Herex: vector_stddev_fmean vector_stddev
Herex: vector_stddev_fmean vector_stddev
Herex: vector_stddev vector_stddev
vector_stddev(size_t n, const vec_t &data)
Herex: vector_stddev vector_stddev
vector_stddev(const vec_t &data)
Herex: vector_stddev vector_stddev
vector_stddev(size_t n, const vec_t &data, double mean)
Herex: vector_stddev vector_stddev
vector_stddev(const vec_t &data, double mean)
Herex: wvector_stddev_fmean vector_stddev
Herex: wvector_stddev_fmean vector_stddev
Herex: wvector_stddev vector_stddev
Herex: wvector_stddev vector_stddev
Herex: wvector_stddev vector_stddev
Herex: wvector_stddev vector_stddev
Herex: vector_stddev_fmean vector_stddev_fmean
vector_stddev_fmean(size_t n, const vec_t &data, double mean)
Herex: vector_stddev_fmean vector_stddev_fmean
vector_stddev_fmean(const vec_t &data, double mean)
Herex: wvector_stddev_fmean vector_stddev_fmean
Herex: wvector_stddev_fmean vector_stddev_fmean
Herex: vector_sum vector_sum
vector_sum(size_t n, const vec_t &data)
Herex: vector_sum vector_sum
vector_sum(vec_t &data)
Herex: vector_sum_double vector_sum
Herex: vector_sum_double vector_sum
Herex: wvector_sumsq vector_sum
Herex: wvector_sumsq vector_sum
Herex: wvector_sumsq vector_sum
Herex: wvector_sumsq vector_sum
Herex: vector_sum_double vector_sum_double
vector_sum_double(size_t n, vec_t &data)
Herex: vector_sum_double vector_sum_double
vector_sum_double(vec_t &data)
Herex: vector_swap vector_swap
vector_swap(size_t N, vec_t &v1, vec2_t &v2)
Herex: vector_swap vector_swap
vector_swap(vec_t &v1, vec2_t &v2)
Herex: vector_swap_double vector_swap
Herex: vector_swap_double vector_swap
Herex: vector_swap vector_swap
vector_swap(vec_t &v, size_t i, size_t j)
Herex: vector_swap_double vector_swap
Herex: vector_swap_double vector_swap_double
vector_swap_double(size_t N, vec_t &v1, vec2_t &v2)
Herex: vector_swap_double vector_swap_double
vector_swap_double(vec_t &v1, vec2_t &v2)
Herex: vector_swap_double vector_swap_double
vector_swap_double(vec_t &v, size_t i, size_t j)
Herex: vector_variance_fmean vector_variance
Herex: vector_variance_fmean vector_variance
Herex: vector_variance vector_variance
vector_variance(size_t n, const vec_t &data, double mean)
Herex: vector_variance vector_variance
vector_variance(const vec_t &data, double mean)
Herex: vector_variance vector_variance
vector_variance(size_t n, const vec_t &data)
Herex: vector_variance vector_variance
vector_variance(const vec_t &data)
Herex: wvector_variance_fmean vector_variance
Herex: wvector_variance_fmean vector_variance
Herex: wvector_variance vector_variance
Herex: wvector_variance vector_variance
Herex: wvector_variance vector_variance
Herex: wvector_variance vector_variance
Herex: vector_variance_fmean vector_variance_fmean
vector_variance_fmean(size_t n, const vec_t &data, double mean)
Herex: vector_variance_fmean vector_variance_fmean
vector_variance_fmean(const vec_t &data, double mean)
Herex: wvector_variance_fmean vector_variance_fmean
Herex: wvector_variance_fmean vector_variance_fmean
Herex: vectors_equal vectors_equal
vectors_equal(size_t n, const vec_t &v1, const vec2_t &v2)
Herex: vectors_equal vectors_equal
vectors_equal(const vec_t &v1, const vec2_t &v2)
Herex: vectors_equal_tol vectors_equal
Herex: vectors_equal_tol vectors_equal
Herex: vectors_equal_tol vectors_equal_tol
vectors_equal_tol(size_t n, const vec_t &v1, const vec2_t &v2, double tol = 1.0e-14)
Herex: vectors_equal_tol vectors_equal_tol
vectors_equal_tol(const vec_t &v1, const vec2_t &v2, double tol = 1.0e-14)
Herex: wvector_absdev wvector_absdev
wvector_absdev(size_t n, const vec_t &data, const vec2_t &weights, double wmean)
Herex: wvector_absdev wvector_absdev
wvector_absdev(const vec_t &data, const vec2_t &weights, double wmean)
Herex: wvector_absdev wvector_absdev
wvector_absdev(size_t n, const vec_t &data, const vec2_t &weights)
Herex: wvector_absdev wvector_absdev
wvector_absdev(const vec_t &data, const vec2_t &weights)
Herex: wvector_covariance wvector_covariance
wvector_covariance(size_t n, const vec_t &data1, const vec2_t &data2, const vec3_t &weights)
Herex: wvector_covariance wvector_covariance
wvector_covariance(const vec_t &data1, const vec2_t &data2, const vec3_t &weights)
Herex: wvector_factor wvector_factor
wvector_factor(size_t n, const vec_t &weights)
Herex: wvector_factor wvector_factor
wvector_factor(const vec_t &weights)
Herex: wvector_kurtosis wvector_kurtosis
wvector_kurtosis(size_t n, const vec_t &data, const vec2_t &weights, double wmean, double wsd)
Herex: wvector_kurtosis wvector_kurtosis
wvector_kurtosis(const vec_t &data, const vec2_t &weights, double wmean, double wsd)
Herex: wvector_kurtosis wvector_kurtosis
wvector_kurtosis(size_t n, const vec_t &data, const vec2_t &weights)
Herex: wvector_kurtosis wvector_kurtosis
wvector_kurtosis(const vec_t &data, const vec2_t &weights)
Herex: wvector_mean wvector_mean
wvector_mean(size_t n, const vec_t &data, const vec2_t &weights)
Herex: wvector_mean wvector_mean
wvector_mean(const vec_t &data, const vec2_t &weights)
Herex: wvector_skew wvector_skew
wvector_skew(size_t n, const vec_t &data, const vec2_t &weights, double wmean, double wsd)
Herex: wvector_skew wvector_skew
wvector_skew(const vec_t &data, const vec2_t &weights, double wmean, double wsd)
Herex: wvector_skew wvector_skew
wvector_skew(size_t n, const vec_t &data, const vec2_t &weights)
Herex: wvector_skew wvector_skew
wvector_skew(const vec_t &data, const vec2_t &weights)
Herex: wvector_stddev_fmean wvector_stddev
Herex: wvector_stddev_fmean wvector_stddev
Herex: wvector_stddev wvector_stddev
wvector_stddev(size_t n, const vec_t &data, const vec2_t &weights)
Herex: wvector_stddev wvector_stddev
wvector_stddev(const vec_t &data, const vec2_t &weights)
Herex: wvector_stddev wvector_stddev
wvector_stddev(size_t n, const vec_t &data, const vec2_t &weights, double wmean)
Herex: wvector_stddev wvector_stddev
wvector_stddev(const vec_t &data, const vec2_t &weights, double wmean)
Herex: wvector_stddev_fmean wvector_stddev_fmean
wvector_stddev_fmean(size_t n, const vec_t &data, const vec2_t &weights, double wmean)
Herex: wvector_stddev_fmean wvector_stddev_fmean
wvector_stddev_fmean(const vec_t &data, const vec2_t &weights, double wmean)
Herex: wvector_sumsq wvector_sumsq
wvector_sumsq(size_t n, const vec_t &data, const vec2_t &weights, double wmean)
Herex: wvector_sumsq wvector_sumsq
wvector_sumsq(const vec_t &data, const vec2_t &weights, double wmean)
Herex: wvector_sumsq wvector_sumsq
wvector_sumsq(size_t n, const vec_t &data, const vec2_t &weights)
Herex: wvector_sumsq wvector_sumsq
wvector_sumsq(const vec_t &data, const vec2_t &weights)
Herex: wvector_variance_fmean wvector_variance
Herex: wvector_variance_fmean wvector_variance
Herex: wvector_variance wvector_variance
wvector_variance(size_t n, const vec_t &data, const vec2_t &weights, double wmean)
Herex: wvector_variance wvector_variance
wvector_variance(const vec_t &data, const vec2_t &weights, double wmean)
Herex: wvector_variance wvector_variance
wvector_variance(size_t n, const vec_t &data, const vec2_t &weights)
Herex: wvector_variance wvector_variance
wvector_variance(const vec_t &data, const vec2_t &weights)
Herex: wvector_variance_fmean wvector_variance_fmean
wvector_variance_fmean(size_t n, const vec_t &data, const vec2_t &weights, double wmean)
Herex: wvector_variance_fmean wvector_variance_fmean
wvector_variance_fmean(const vec_t &data, const vec2_t &weights, double wmean)
